<?xml version="1.0" encoding="UTF-8"?>
<!-- Generated by org.testng.reporters.JUnitReportReporter -->
<testsuite skipped="0" hostname="TORANA-L073" name="com.my.test.AmazonTest" tests="3" failures="0" timestamp="20 Apr 2021 12:56:36 GMT" time="0.094" errors="0">
  <testcase name="amazonTitleTest" time="0.010" classname="com.my.test.AmazonTest"/>
  <testcase name="amazonUrlTest" time="0.004" classname="com.my.test.AmazonTest"/>
  <testcase name="mobileLinkPresentTest" time="0.080" classname="com.my.test.AmazonTest"/>
</testsuite> <!-- com.my.test.AmazonTest -->
